/home/samuel06/venv/lib/python3.11/site-packages/pydantic/_internal/_generate_schema.py:2249: UnsupportedFieldAttributeWarning: The 'repr' attribute with value False was provided to the `Field()` function, which has no effect in the context it was used. 'repr' is field-specific metadata, and can only be attached to a model field using `Annotated` metadata or by assignment. This may have happened because an `Annotated` type alias using the `type` statement was used, or if the `Field()` function was attached to a single member of a union type.
  warnings.warn(
/home/samuel06/venv/lib/python3.11/site-packages/pydantic/_internal/_generate_schema.py:2249: UnsupportedFieldAttributeWarning: The 'frozen' attribute with value True was provided to the `Field()` function, which has no effect in the context it was used. 'frozen' is field-specific metadata, and can only be attached to a model field using `Annotated` metadata or by assignment. This may have happened because an `Annotated` type alias using the `type` statement was used, or if the `Field()` function was attached to a single member of a union type.
  warnings.warn(
Traceback (most recent call last):
  File "/scratch/samuel06/yorzoi-modified/train_yeast.py", line 32, in <module>
    wandb.init(project=project, config=config)
  File "/home/samuel06/venv/lib/python3.11/site-packages/wandb/sdk/wandb_init.py", line 1581, in init
    wandb._sentry.reraise(e)
  File "/home/samuel06/venv/lib/python3.11/site-packages/wandb/analytics/sentry.py", line 162, in reraise
    raise exc.with_traceback(sys.exc_info()[2])
  File "/home/samuel06/venv/lib/python3.11/site-packages/wandb/sdk/wandb_init.py", line 1504, in init
    wi.maybe_login(init_settings)
  File "/home/samuel06/venv/lib/python3.11/site-packages/wandb/sdk/wandb_init.py", line 190, in maybe_login
    wandb_login._login(
  File "/home/samuel06/venv/lib/python3.11/site-packages/wandb/sdk/wandb_login.py", line 318, in _login
    key, key_status = wlogin.prompt_api_key(referrer=referrer)
                      ^^^^^^^^^^^^^^^^^^^^^^^^^^^^^^^^^^^^^^^^
  File "/home/samuel06/venv/lib/python3.11/site-packages/wandb/sdk/wandb_login.py", line 244, in prompt_api_key
    raise UsageError("api_key not configured (no-tty). call " + directive)
wandb.errors.errors.UsageError: api_key not configured (no-tty). call wandb.login(key=[your_api_key])
